# JRE version: Java(TM) SE Runtime Environment (9.0+11) (build 9.0.1+11)
# Java VM: Java HotSpot(TM) 64-Bit Server VM (9.0.1+11, mixed mode, tiered, compressed oops, g1 gc, windows-amd64)
Heap:
 garbage-first heap   total 131072K, used 48924K [0x0000000081600000, 0x0000000081700400, 0x0000000100000000)
  region size 1024K, 43 young (44032K), 1 survivors (1024K)
 Metaspace       used 14052K, capacity 15047K, committed 15232K, reserved 1062912K
  class space    used 1132K, capacity 1343K, committed 1408K, reserved 1048576K
GC Heap History (10 events):
Event: 18564.983 GC heap before
{Heap before GC invocations=1526 (full 0):
 garbage-first heap   total 131072K, used 83740K [0x0000000081600000, 0x0000000081700400, 0x0000000100000000)
  region size 1024K, 76 young (77824K), 1 survivors (1024K)
 Metaspace       used 14052K, capacity 15047K, committed 15232K, reserved 1062912K
  class space    used 1132K, capacity 1343K, committed 1408K, reserved 1048576K
}
Event: 18564.983 GC heap after
{Heap after GC invocations=1527 (full 0):
 garbage-first heap   total 131072K, used 6942K [0x0000000081600000, 0x0000000081700400, 0x0000000100000000)
  region size 1024K, 1 young (1024K), 1 survivors (1024K)
 Metaspace       used 14052K, capacity 15047K, committed 15232K, reserved 1062912K
  class space    used 1132K, capacity 1343K, committed 1408K, reserved 1048576K
}
Event: 18577.215 GC heap before
{Heap before GC invocations=1527 (full 0):
 garbage-first heap   total 131072K, used 83742K [0x0000000081600000, 0x0000000081700400, 0x0000000100000000)
  region size 1024K, 76 young (77824K), 1 survivors (1024K)
 Metaspace       used 14052K, capacity 15047K, committed 15232K, reserved 1062912K
  class space    used 1132K, capacity 1343K, committed 1408K, reserved 1048576K
}
Event: 18577.216 GC heap after
{Heap after GC invocations=1528 (full 0):
 garbage-first heap   total 131072K, used 6942K [0x0000000081600000, 0x0000000081700400, 0x0000000100000000)
  region size 1024K, 1 young (1024K), 1 survivors (1024K)
 Metaspace       used 14052K, capacity 15047K, committed 15232K, reserved 1062912K
  class space    used 1132K, capacity 1343K, committed 1408K, reserved 1048576K
}
Event: 18589.449 GC heap before
{Heap before GC invocations=1528 (full 0):
 garbage-first heap   total 131072K, used 83742K [0x0000000081600000, 0x0000000081700400, 0x0000000100000000)
  region size 1024K, 76 young (77824K), 1 survivors (1024K)
 Metaspace       used 14052K, capacity 15047K, committed 15232K, reserved 1062912K
  class space    used 1132K, capacity 1343K, committed 1408K, reserved 1048576K
}
Event: 18589.450 GC heap after
{Heap after GC invocations=1529 (full 0):
 garbage-first heap   total 131072K, used 6940K [0x0000000081600000, 0x0000000081700400, 0x0000000100000000)
  region size 1024K, 1 young (1024K), 1 survivors (1024K)
 Metaspace       used 14052K, capacity 15047K, committed 15232K, reserved 1062912K
  class space    used 1132K, capacity 1343K, committed 1408K, reserved 1048576K
}
Event: 18601.682 GC heap before
{Heap before GC invocations=1529 (full 0):
 garbage-first heap   total 131072K, used 83740K [0x0000000081600000, 0x0000000081700400, 0x0000000100000000)
  region size 1024K, 76 young (77824K), 1 survivors (1024K)
 Metaspace       used 14052K, capacity 15047K, committed 15232K, reserved 1062912K
  class space    used 1132K, capacity 1343K, committed 1408K, reserved 1048576K
}
Event: 18601.683 GC heap after
{Heap after GC invocations=1530 (full 0):
 garbage-first heap   total 131072K, used 6941K [0x0000000081600000, 0x0000000081700400, 0x0000000100000000)
  region size 1024K, 1 young (1024K), 1 survivors (1024K)
 Metaspace       used 14052K, capacity 15047K, committed 15232K, reserved 1062912K
  class space    used 1132K, capacity 1343K, committed 1408K, reserved 1048576K
}
Event: 18613.899 GC heap before
{Heap before GC invocations=1530 (full 0):
 garbage-first heap   total 131072K, used 83741K [0x0000000081600000, 0x0000000081700400, 0x0000000100000000)
  region size 1024K, 76 young (77824K), 1 survivors (1024K)
 Metaspace       used 14052K, capacity 15047K, committed 15232K, reserved 1062912K
  class space    used 1132K, capacity 1343K, committed 1408K, reserved 1048576K
}
Event: 18613.900 GC heap after
{Heap after GC invocations=1531 (full 0):
 garbage-first heap   total 131072K, used 6940K [0x0000000081600000, 0x0000000081700400, 0x0000000100000000)
  region size 1024K, 1 young (1024K), 1 survivors (1024K)
 Metaspace       used 14052K, capacity 15047K, committed 15232K, reserved 1062912K
  class space    used 1132K, capacity 1343K, committed 1408K, reserved 1048576K
}

